<?xml version="1.0" encoding="UTF-8"?>
<!-- Generated by org.testng.reporters.JUnitXMLReporter -->
<testsuite hostname="DESKTOP-KGGD9A8" ignored="0" name="Test" tests="9" failures="2" timestamp="03 Nov 2018 12:53:47 GMT" time="225.382" errors="0">
  <testcase name="verifyHomePageTitleTest" time="0.126" classname="com.org.flightscan.BookingHomePageTest"/>
  <testcase name="verifyHomePageTitleTest" time="0.101" classname="com.org.flightscan.BookSecondFlightTest"/>
  <testcase name="loginPageTitleTest" time="0.012" classname="com.org.flightscan.LoginPageTest"/>
  <testcase name="verifyUserNameTest" time="0.413" classname="com.org.flightscan.BookingHomePageTest">
    <failure type="org.openqa.selenium.NoSuchFrameException" message="No frame element found by name or id mainpanel
Build info: version: &amp;apos;3.141.0&amp;apos;, revision: &amp;apos;2ecb7d9a&amp;apos;, time: &amp;apos;2018-10-31T20:09:30&amp;apos;
System info: host: &amp;apos;DESKTOP-KGGD9A8&amp;apos;, ip: &amp;apos;192.168.1.4&amp;apos;, os.name: &amp;apos;Windows 10&amp;apos;, os.arch: &amp;apos;amd64&amp;apos;, os.version: &amp;apos;10.0&amp;apos;, java.version: &amp;apos;1.8.0_171&amp;apos;
Driver info: driver.version: unknown">
      <![CDATA[org.openqa.selenium.NoSuchFrameException: No frame element found by name or id mainpanel
Build info: version: '3.141.0', revision: '2ecb7d9a', time: '2018-10-31T20:09:30'
System info: host: 'DESKTOP-KGGD9A8', ip: '192.168.1.4', os.name: 'Windows 10', os.arch: 'amd64', os.version: '10.0', java.version: '1.8.0_171'
Driver info: driver.version: unknown
at org.openqa.selenium.remote.RemoteWebDriver$RemoteTargetLocator.frame(RemoteWebDriver.java:885)
at com.org.flightscan.util.TestUtil.switchToFrame(TestUtil.java:25)
at com.org.flightscan.BookingHomePageTest.verifyUserNameTest(BookingHomePageTest.java:52)
... Removed 25 stack frames]]>
    </failure>
  </testcase> <!-- verifyUserNameTest -->
  <testcase name="verifyUserNameTest" time="0.273" classname="com.org.flightscan.BookSecondFlightTest">
    <failure type="org.openqa.selenium.NoSuchFrameException" message="No frame element found by name or id mainpanel
Build info: version: &amp;apos;3.141.0&amp;apos;, revision: &amp;apos;2ecb7d9a&amp;apos;, time: &amp;apos;2018-10-31T20:09:30&amp;apos;
System info: host: &amp;apos;DESKTOP-KGGD9A8&amp;apos;, ip: &amp;apos;192.168.1.4&amp;apos;, os.name: &amp;apos;Windows 10&amp;apos;, os.arch: &amp;apos;amd64&amp;apos;, os.version: &amp;apos;10.0&amp;apos;, java.version: &amp;apos;1.8.0_171&amp;apos;
Driver info: driver.version: unknown">
      <![CDATA[org.openqa.selenium.NoSuchFrameException: No frame element found by name or id mainpanel
Build info: version: '3.141.0', revision: '2ecb7d9a', time: '2018-10-31T20:09:30'
System info: host: 'DESKTOP-KGGD9A8', ip: '192.168.1.4', os.name: 'Windows 10', os.arch: 'amd64', os.version: '10.0', java.version: '1.8.0_171'
Driver info: driver.version: unknown
at org.openqa.selenium.remote.RemoteWebDriver$RemoteTargetLocator.frame(RemoteWebDriver.java:885)
at com.org.flightscan.util.TestUtil.switchToFrame(TestUtil.java:25)
at com.org.flightscan.BookSecondFlightTest.verifyUserNameTest(BookSecondFlightTest.java:52)
... Removed 25 stack frames]]>
    </failure>
  </testcase> <!-- verifyUserNameTest -->
  <testcase name="LogoImageTest" time="0.153" classname="com.org.flightscan.LoginPageTest"/>
  <testcase name="selectDatesandBookFlights" time="5.069" classname="com.org.flightscan.BookingHomePageTest"/>
  <testcase name="selectDatesandBookFlights" time="11.069" classname="com.org.flightscan.BookSecondFlightTest"/>
  <testcase name="loginTest" time="3.502" classname="com.org.flightscan.LoginPageTest"/>
</testsuite> <!-- Test -->
